
  .   ____          _            __ _ _
 /\\ / ___'_ __ _ _(_)_ __  __ _ \ \ \ \
( ( )\___ | '_ | '_| | '_ \/ _` | \ \ \ \
 \\/  ___)| |_)| | | | | || (_| |  ) ) ) )
  '  |____| .__|_| |_|_| |_\__, | / / / /
 =========|_|==============|___/=/_/_/_/
 :: Spring Boot ::        (v1.5.3.RELEASE)

2017-09-25 15:43:59.145  INFO 37185 --- [           main] io.specto.FlightsApplication             : Starting FlightsApplication on Andrews-MacBook-Pro-2.local with PID 37185 (/Users/andrewmorgan1/IdeaProjects/api-simulation-training/5-stateful/shopping-service.jar started by andrewmorgan1 in /Users/andrewmorgan1/IdeaProjects/api-simulation-training/5-stateful)
2017-09-25 15:43:59.148  INFO 37185 --- [           main] io.specto.FlightsApplication             : No active profile set, falling back to default profiles: default
2017-09-25 15:43:59.194  INFO 37185 --- [           main] ationConfigEmbeddedWebApplicationContext : Refreshing org.springframework.boot.context.embedded.AnnotationConfigEmbeddedWebApplicationContext@6e5e91e4: startup date [Mon Sep 25 15:43:59 CEST 2017]; root of context hierarchy
2017-09-25 15:44:00.058  INFO 37185 --- [           main] s.b.c.e.t.TomcatEmbeddedServletContainer : Tomcat initialized with port(s): 8081 (http)
2017-09-25 15:44:00.068  INFO 37185 --- [           main] o.apache.catalina.core.StandardService   : Starting service Tomcat
2017-09-25 15:44:00.069  INFO 37185 --- [           main] org.apache.catalina.core.StandardEngine  : Starting Servlet Engine: Apache Tomcat/8.5.14
2017-09-25 15:44:00.133  INFO 37185 --- [ost-startStop-1] o.a.c.c.C.[Tomcat].[localhost].[/]       : Initializing Spring embedded WebApplicationContext
2017-09-25 15:44:00.133  INFO 37185 --- [ost-startStop-1] o.s.web.context.ContextLoader            : Root WebApplicationContext: initialization completed in 942 ms
2017-09-25 15:44:00.217  INFO 37185 --- [ost-startStop-1] o.s.b.w.servlet.ServletRegistrationBean  : Mapping servlet: 'dispatcherServlet' to [/]
2017-09-25 15:44:00.220  INFO 37185 --- [ost-startStop-1] o.s.b.w.servlet.FilterRegistrationBean   : Mapping filter: 'characterEncodingFilter' to: [/*]
2017-09-25 15:44:00.220  INFO 37185 --- [ost-startStop-1] o.s.b.w.servlet.FilterRegistrationBean   : Mapping filter: 'hiddenHttpMethodFilter' to: [/*]
2017-09-25 15:44:00.220  INFO 37185 --- [ost-startStop-1] o.s.b.w.servlet.FilterRegistrationBean   : Mapping filter: 'httpPutFormContentFilter' to: [/*]
2017-09-25 15:44:00.220  INFO 37185 --- [ost-startStop-1] o.s.b.w.servlet.FilterRegistrationBean   : Mapping filter: 'requestContextFilter' to: [/*]
2017-09-25 15:44:00.428  INFO 37185 --- [           main] s.w.s.m.m.a.RequestMappingHandlerAdapter : Looking for @ControllerAdvice: org.springframework.boot.context.embedded.AnnotationConfigEmbeddedWebApplicationContext@6e5e91e4: startup date [Mon Sep 25 15:43:59 CEST 2017]; root of context hierarchy
2017-09-25 15:44:00.482  INFO 37185 --- [           main] s.w.s.m.m.a.RequestMappingHandlerMapping : Mapped "{[/api/v1/comments]}" onto public java.util.List<io.specto.Comment> io.specto.CommentsController.getComments()
2017-09-25 15:44:00.483  INFO 37185 --- [           main] s.w.s.m.m.a.RequestMappingHandlerMapping : Mapped "{[/api/v1/discount-codes],methods=[GET]}" onto public java.util.List<java.lang.String> io.specto.DiscountCodeController.getDiscountCodes()
2017-09-25 15:44:00.483  INFO 37185 --- [           main] s.w.s.m.m.a.RequestMappingHandlerMapping : Mapped "{[/api/v1/flights],methods=[GET]}" onto public java.util.List<io.specto.Flight> io.specto.FlightsController.getFlights(int,java.util.Optional<java.lang.String>,java.util.Optional<java.lang.String>,java.util.Optional<java.lang.Integer>)
2017-09-25 15:44:00.485  INFO 37185 --- [           main] s.w.s.m.m.a.RequestMappingHandlerMapping : Mapped "{[/management/health],methods=[GET]}" onto public void io.specto.ManagementController.health()
2017-09-25 15:44:00.485  INFO 37185 --- [           main] s.w.s.m.m.a.RequestMappingHandlerMapping : Mapped "{[/management/kill],methods=[GET]}" onto public void io.specto.ManagementController.kill()
2017-09-25 15:44:00.486  INFO 37185 --- [           main] s.w.s.m.m.a.RequestMappingHandlerMapping : Mapped "{[/api/v1/shopping-basket],methods=[PUT]}" onto public void io.specto.ShoppingController.addToBasket(io.specto.ShoppingItem)
2017-09-25 15:44:00.486  INFO 37185 --- [           main] s.w.s.m.m.a.RequestMappingHandlerMapping : Mapped "{[/api/v1/shopping-basket],methods=[GET]}" onto public java.util.Set<io.specto.ShoppingItem> io.specto.ShoppingController.getShoppingBasket()
2017-09-25 15:44:00.487  INFO 37185 --- [           main] s.w.s.m.m.a.RequestMappingHandlerMapping : Mapped "{[/api/v1/shopping-basket],methods=[DELETE]}" onto public void io.specto.ShoppingController.deleteShoppingBasket()
2017-09-25 15:44:00.488  INFO 37185 --- [           main] s.w.s.m.m.a.RequestMappingHandlerMapping : Mapped "{[/error]}" onto public org.springframework.http.ResponseEntity<java.util.Map<java.lang.String, java.lang.Object>> org.springframework.boot.autoconfigure.web.BasicErrorController.error(javax.servlet.http.HttpServletRequest)
2017-09-25 15:44:00.489  INFO 37185 --- [           main] s.w.s.m.m.a.RequestMappingHandlerMapping : Mapped "{[/error],produces=[text/html]}" onto public org.springframework.web.servlet.ModelAndView org.springframework.boot.autoconfigure.web.BasicErrorController.errorHtml(javax.servlet.http.HttpServletRequest,javax.servlet.http.HttpServletResponse)
2017-09-25 15:44:00.508  INFO 37185 --- [           main] o.s.w.s.handler.SimpleUrlHandlerMapping  : Mapped URL path [/webjars/**] onto handler of type [class org.springframework.web.servlet.resource.ResourceHttpRequestHandler]
2017-09-25 15:44:00.508  INFO 37185 --- [           main] o.s.w.s.handler.SimpleUrlHandlerMapping  : Mapped URL path [/**] onto handler of type [class org.springframework.web.servlet.resource.ResourceHttpRequestHandler]
2017-09-25 15:44:00.530  INFO 37185 --- [           main] o.s.w.s.handler.SimpleUrlHandlerMapping  : Mapped URL path [/**/favicon.ico] onto handler of type [class org.springframework.web.servlet.resource.ResourceHttpRequestHandler]
2017-09-25 15:44:00.621  INFO 37185 --- [           main] o.s.j.e.a.AnnotationMBeanExporter        : Registering beans for JMX exposure on startup
2017-09-25 15:44:00.664  INFO 37185 --- [           main] s.b.c.e.t.TomcatEmbeddedServletContainer : Tomcat started on port(s): 8081 (http)
2017-09-25 15:44:00.667  INFO 37185 --- [           main] io.specto.FlightsApplication             : Started FlightsApplication in 1.773 seconds (JVM running for 2.109)
2017-09-25 15:44:01.649  INFO 37185 --- [nio-8081-exec-1] o.a.c.c.C.[Tomcat].[localhost].[/]       : Initializing Spring FrameworkServlet 'dispatcherServlet'
2017-09-25 15:44:01.649  INFO 37185 --- [nio-8081-exec-1] o.s.web.servlet.DispatcherServlet        : FrameworkServlet 'dispatcherServlet': initialization started
2017-09-25 15:44:01.659  INFO 37185 --- [nio-8081-exec-1] o.s.web.servlet.DispatcherServlet        : FrameworkServlet 'dispatcherServlet': initialization completed in 10 ms
